# JRE version: OpenJDK Runtime Environment (8.0_111-b14) (build 1.8.0_111-8u111-b14-2ubuntu0.16.04.2-b14)
# Java VM: OpenJDK 64-Bit Server VM (25.111-b14 mixed mode linux-amd64 compressed oops)
Heap:
 PSYoungGen      total 318976K, used 148530K [0x00000000eab00000, 0x0000000100000000, 0x0000000100000000)
  eden space 299008K, 49% used [0x00000000eab00000,0x00000000f3c0c830,0x00000000fcf00000)
  from space 19968K, 0% used [0x00000000fec80000,0x00000000fec80000,0x0000000100000000)
  to   space 25088K, 0% used [0x00000000fcf00000,0x00000000fcf00000,0x00000000fe780000)
 ParOldGen       total 89600K, used 31826K [0x00000000c0000000, 0x00000000c5780000, 0x00000000eab00000)
  object space 89600K, 35% used [0x00000000c0000000,0x00000000c1f14bc8,0x00000000c5780000)
 Metaspace       used 58498K, capacity 60140K, committed 60248K, reserved 1101824K
  class space    used 7690K, capacity 8001K, committed 8064K, reserved 1048576K
GC Heap History (10 events):
Event: 5,136 GC heap before
{Heap before GC invocations=10 (full 2):
 PSYoungGen      total 243200K, used 227328K [0x00000000eab00000, 0x0000000100000000, 0x0000000100000000)
  eden space 227328K, 100% used [0x00000000eab00000,0x00000000f8900000,0x00000000f8900000)
  from space 15872K, 0% used [0x00000000f8900000,0x00000000f8900000,0x00000000f9880000)
  to   space 14848K, 0% used [0x00000000ff180000,0x00000000ff180000,0x0000000100000000)
 ParOldGen       total 62464K, used 15524K [0x00000000c0000000, 0x00000000c3d00000, 0x00000000eab00000)
  object space 62464K, 24% used [0x00000000c0000000,0x00000000c0f29038,0x00000000c3d00000)
 Metaspace       used 49213K, capacity 50564K, committed 50816K, reserved 1093632K
  class space    used 6666K, capacity 6991K, committed 7040K, reserved 1048576K
Event: 5,162 GC heap after
Heap after GC invocations=10 (full 2):
 PSYoungGen      total 324096K, used 14848K [0x00000000eab00000, 0x0000000100000000, 0x0000000100000000)
  eden space 309248K, 0% used [0x00000000eab00000,0x00000000eab00000,0x00000000fd900000)
  from space 14848K, 100% used [0x00000000ff180000,0x0000000100000000,0x0000000100000000)
  to   space 19968K, 0% used [0x00000000fd900000,0x00000000fd900000,0x00000000fec80000)
 ParOldGen       total 62464K, used 22900K [0x00000000c0000000, 0x00000000c3d00000, 0x00000000eab00000)
  object space 62464K, 36% used [0x00000000c0000000,0x00000000c165d030,0x00000000c3d00000)
 Metaspace       used 49213K, capacity 50564K, committed 50816K, reserved 1093632K
  class space    used 6666K, capacity 6991K, committed 7040K, reserved 1048576K
}
Event: 7,803 GC heap before
{Heap before GC invocations=11 (full 2):
 PSYoungGen      total 324096K, used 133543K [0x00000000eab00000, 0x0000000100000000, 0x0000000100000000)
  eden space 309248K, 38% used [0x00000000eab00000,0x00000000f1ee9d00,0x00000000fd900000)
  from space 14848K, 100% used [0x00000000ff180000,0x0000000100000000,0x0000000100000000)
  to   space 19968K, 0% used [0x00000000fd900000,0x00000000fd900000,0x00000000fec80000)
 ParOldGen       total 62464K, used 22900K [0x00000000c0000000, 0x00000000c3d00000, 0x00000000eab00000)
  object space 62464K, 36% used [0x00000000c0000000,0x00000000c165d030,0x00000000c3d00000)
 Metaspace       used 57383K, capacity 58910K, committed 59096K, reserved 1099776K
  class space    used 7617K, capacity 7936K, committed 7936K, reserved 1048576K
Event: 7,833 GC heap after
Heap after GC invocations=11 (full 2):
 PSYoungGen      total 329216K, used 19962K [0x00000000eab00000, 0x0000000100000000, 0x0000000100000000)
  eden space 309248K, 0% used [0x00000000eab00000,0x00000000eab00000,0x00000000fd900000)
  from space 19968K, 99% used [0x00000000fd900000,0x00000000fec7eb70,0x00000000fec80000)
  to   space 19968K, 0% used [0x00000000fec80000,0x00000000fec80000,0x0000000100000000)
 ParOldGen       total 62464K, used 26174K [0x00000000c0000000, 0x00000000c3d00000, 0x00000000eab00000)
  object space 62464K, 41% used [0x00000000c0000000,0x00000000c198fbb0,0x00000000c3d00000)
 Metaspace       used 57383K, capacity 58910K, committed 59096K, reserved 1099776K
  class space    used 7617K, capacity 7936K, committed 7936K, reserved 1048576K
}
Event: 7,833 GC heap before
{Heap before GC invocations=12 (full 3):
 PSYoungGen      total 329216K, used 19962K [0x00000000eab00000, 0x0000000100000000, 0x0000000100000000)
  eden space 309248K, 0% used [0x00000000eab00000,0x00000000eab00000,0x00000000fd900000)
  from space 19968K, 99% used [0x00000000fd900000,0x00000000fec7eb70,0x00000000fec80000)
  to   space 19968K, 0% used [0x00000000fec80000,0x00000000fec80000,0x0000000100000000)
 ParOldGen       total 62464K, used 26174K [0x00000000c0000000, 0x00000000c3d00000, 0x00000000eab00000)
  object space 62464K, 41% used [0x00000000c0000000,0x00000000c198fbb0,0x00000000c3d00000)
 Metaspace       used 57383K, capacity 58910K, committed 59096K, reserved 1099776K
  class space    used 7617K, capacity 7936K, committed 7936K, reserved 1048576K
Event: 7,993 GC heap after
Heap after GC invocations=12 (full 3):
 PSYoungGen      total 329216K, used 0K [0x00000000eab00000, 0x0000000100000000, 0x0000000100000000)
  eden space 309248K, 0% used [0x00000000eab00000,0x00000000eab00000,0x00000000fd900000)
  from space 19968K, 0% used [0x00000000fd900000,0x00000000fd900000,0x00000000fec80000)
  to   space 19968K, 0% used [0x00000000fec80000,0x00000000fec80000,0x0000000100000000)
 ParOldGen       total 89600K, used 37524K [0x00000000c0000000, 0x00000000c5780000, 0x00000000eab00000)
  object space 89600K, 41% used [0x00000000c0000000,0x00000000c24a5088,0x00000000c5780000)
 Metaspace       used 57383K, capacity 58910K, committed 59096K, reserved 1099776K
  class space    used 7617K, capacity 7936K, committed 7936K, reserved 1048576K
}
Event: 8,257 GC heap before
{Heap before GC invocations=13 (full 3):
 PSYoungGen      total 329216K, used 16806K [0x00000000eab00000, 0x0000000100000000, 0x0000000100000000)
  eden space 309248K, 5% used [0x00000000eab00000,0x00000000ebb69b00,0x00000000fd900000)
  from space 19968K, 0% used [0x00000000fd900000,0x00000000fd900000,0x00000000fec80000)
  to   space 19968K, 0% used [0x00000000fec80000,0x00000000fec80000,0x0000000100000000)
 ParOldGen       total 89600K, used 37524K [0x00000000c0000000, 0x00000000c5780000, 0x00000000eab00000)
  object space 89600K, 41% used [0x00000000c0000000,0x00000000c24a5088,0x00000000c5780000)
 Metaspace       used 57725K, capacity 59262K, committed 59480K, reserved 1101824K
  class space    used 7651K, capacity 7968K, committed 8064K, reserved 1048576K
Event: 8,259 GC heap after
Heap after GC invocations=13 (full 3):
 PSYoungGen      total 318976K, used 525K [0x00000000eab00000, 0x0000000100000000, 0x0000000100000000)
  eden space 299008K, 0% used [0x00000000eab00000,0x00000000eab00000,0x00000000fcf00000)
  from space 19968K, 2% used [0x00000000fec80000,0x00000000fed03660,0x0000000100000000)
  to   space 25088K, 0% used [0x00000000fcf00000,0x00000000fcf00000,0x00000000fe780000)
 ParOldGen       total 89600K, used 37532K [0x00000000c0000000, 0x00000000c5780000, 0x00000000eab00000)
  object space 89600K, 41% used [0x00000000c0000000,0x00000000c24a7088,0x00000000c5780000)
 Metaspace       used 57725K, capacity 59262K, committed 59480K, reserved 1101824K
  class space    used 7651K, capacity 7968K, committed 8064K, reserved 1048576K
}
Event: 8,259 GC heap before
{Heap before GC invocations=14 (full 4):
 PSYoungGen      total 318976K, used 525K [0x00000000eab00000, 0x0000000100000000, 0x0000000100000000)
  eden space 299008K, 0% used [0x00000000eab00000,0x00000000eab00000,0x00000000fcf00000)
  from space 19968K, 2% used [0x00000000fec80000,0x00000000fed03660,0x0000000100000000)
  to   space 25088K, 0% used [0x00000000fcf00000,0x00000000fcf00000,0x00000000fe780000)
 ParOldGen       total 89600K, used 37532K [0x00000000c0000000, 0x00000000c5780000, 0x00000000eab00000)
  object space 89600K, 41% used [0x00000000c0000000,0x00000000c24a7088,0x00000000c5780000)
 Metaspace       used 57725K, capacity 59262K, committed 59480K, reserved 1101824K
  class space    used 7651K, capacity 7968K, committed 8064K, reserved 1048576K
Event: 8,407 GC heap after
Heap after GC invocations=14 (full 4):
 PSYoungGen      total 318976K, used 0K [0x00000000eab00000, 0x0000000100000000, 0x0000000100000000)
  eden space 299008K, 0% used [0x00000000eab00000,0x00000000eab00000,0x00000000fcf00000)
  from space 19968K, 0% used [0x00000000fec80000,0x00000000fec80000,0x0000000100000000)
  to   space 25088K, 0% used [0x00000000fcf00000,0x00000000fcf00000,0x00000000fe780000)
 ParOldGen       total 89600K, used 31826K [0x00000000c0000000, 0x00000000c5780000, 0x00000000eab00000)
  object space 89600K, 35% used [0x00000000c0000000,0x00000000c1f14bc8,0x00000000c5780000)
 Metaspace       used 57725K, capacity 59262K, committed 59480K, reserved 1101824K
  class space    used 7651K, capacity 7968K, committed 8064K, reserved 1048576K
}

